<?xml version="1.0" encoding="UTF-8"?>
<!-- Generated by org.testng.reporters.JUnitReportReporter -->
<testsuite hostname="DESKTOP-3SKVL4P" failures="0" tests="11" name="GoPadelTest.GoPadelTest" time="182.091" errors="0" timestamp="2022-05-04T16:45:04 IST" skipped="0">
  <testcase classname="GoPadelTest.GoPadelTest" name="PadelBranchesTest" time="9.028"/>
  <system-out/>
  <testcase classname="GoPadelTest.GoPadelTest" name="padellistPageTest" time="17.021"/>
  <system-out/>
  <testcase classname="GoPadelTest.GoPadelTest" name="addpadelpage" time="82.328"/>
  <system-out/>
  <testcase classname="GoPadelTest.GoPadelTest" name="VerifyAddedPadelBranchTest" time="0.096"/>
  <system-out/>
  <testcase classname="GoPadelTest.GoPadelTest" name="clickOnPadelBranches" time="3.347"/>
  <system-out/>
  <testcase classname="GoPadelTest.GoPadelTest" name="PadelBranchPageTest" time="16.769"/>
  <system-out/>
  <testcase classname="GoPadelTest.GoPadelTest" name="clickOnPadelcourt" time="4.417"/>
  <system-out/>
  <testcase classname="GoPadelTest.GoPadelTest" name="PadelCourtsPage" time="7.533"/>
  <system-out/>
  <testcase classname="GoPadelTest.GoPadelTest" name="AddPadelCourtsPage" time="9.896"/>
  <system-out/>
  <testcase classname="GoPadelTest.GoPadelTest" name="DiscountCoupons" time="5.828"/>
  <system-out/>
  <testcase classname="GoPadelTest.GoPadelTest" name="clickcreatecoupns" time="25.828"/>
  <system-out/>
</testsuite> <!-- GoPadelTest.GoPadelTest -->
